     Input file > Reading   31 bands at    183 k-points
Range:  -71.0990    6.7000eV  Emin, Emax > high-symmetry point:  0.0000 0.0000 0.0000   x coordinate   0.0000
high-symmetry point:  0.5000 0.2887 0.0000   x coordinate   0.5774
high-symmetry point:  0.6667 0.0000 0.0000   x coordinate   0.9107
high-symmetry point:  0.0000 0.0000 0.0000   x coordinate   1.5774
high-symmetry point:  0.0000 0.0000 0.0664   x coordinate   1.6437
high-symmetry point:  0.0250 0.0144 0.0664   x coordinate   1.6437
high-symmetry point:  0.0500 0.0289 0.0664   x coordinate   1.6437
high-symmetry point:  0.0750 0.0433 0.0664   x coordinate   1.6437
high-symmetry point:  0.1000 0.0577 0.0664   x coordinate   1.6437
high-symmetry point:  0.1250 0.0722 0.0664   x coordinate   1.6437
high-symmetry point:  0.1500 0.0866 0.0664   x coordinate   1.6437
high-symmetry point:  0.1750 0.1010 0.0664   x coordinate   1.6437
high-symmetry point:  0.2000 0.1155 0.0664   x coordinate   1.6437
high-symmetry point:  0.2250 0.1299 0.0664   x coordinate   1.6437
high-symmetry point:  0.2500 0.1443 0.0664   x coordinate   1.6437
high-symmetry point:  0.2750 0.1588 0.0664   x coordinate   1.6437
high-symmetry point:  0.3000 0.1732 0.0664   x coordinate   1.6437
high-symmetry point:  0.3250 0.1876 0.0664   x coordinate   1.6437
high-symmetry point:  0.3500 0.2021 0.0664   x coordinate   1.6437
high-symmetry point:  0.3750 0.2165 0.0664   x coordinate   1.6437
high-symmetry point:  0.4000 0.2309 0.0664   x coordinate   1.6437
high-symmetry point:  0.4250 0.2454 0.0664   x coordinate   1.6437
high-symmetry point:  0.4500 0.2598 0.0664   x coordinate   1.6437
high-symmetry point:  0.4750 0.2742 0.0664   x coordinate   1.6437
high-symmetry point:  0.5000 0.2887 0.0664   x coordinate   1.6437
high-symmetry point:  0.5083 0.2742 0.0664   x coordinate   1.6437
high-symmetry point:  0.5167 0.2598 0.0664   x coordinate   1.6437
high-symmetry point:  0.5250 0.2454 0.0664   x coordinate   1.6437
high-symmetry point:  0.5333 0.2309 0.0664   x coordinate   1.6437
high-symmetry point:  0.5417 0.2165 0.0664   x coordinate   1.6437
high-symmetry point:  0.5500 0.2021 0.0664   x coordinate   1.6437
high-symmetry point:  0.5583 0.1876 0.0664   x coordinate   1.6437
high-symmetry point:  0.5667 0.1732 0.0664   x coordinate   1.6437
high-symmetry point:  0.5750 0.1588 0.0664   x coordinate   1.6437
high-symmetry point:  0.5833 0.1443 0.0664   x coordinate   1.6437
high-symmetry point:  0.5917 0.1299 0.0664   x coordinate   1.6437
high-symmetry point:  0.6000 0.1155 0.0664   x coordinate   1.6437
high-symmetry point:  0.6083 0.1010 0.0664   x coordinate   1.6437
high-symmetry point:  0.6167 0.0866 0.0664   x coordinate   1.6437
high-symmetry point:  0.6250 0.0722 0.0664   x coordinate   1.6437
high-symmetry point:  0.6333 0.0577 0.0664   x coordinate   1.6437
high-symmetry point:  0.6417 0.0433 0.0664   x coordinate   1.6437
high-symmetry point:  0.6500 0.0289 0.0664   x coordinate   1.6437
high-symmetry point:  0.6583 0.0144 0.0664   x coordinate   1.6437
high-symmetry point:  0.6667 0.0000 0.0664   x coordinate   1.6437
high-symmetry point:  0.6333 0.0000 0.0664   x coordinate   1.6437
high-symmetry point:  0.6000 0.0000 0.0664   x coordinate   1.6437
high-symmetry point:  0.5667 0.0000 0.0664   x coordinate   1.6437
high-symmetry point:  0.5333 0.0000 0.0664   x coordinate   1.6437
high-symmetry point:  0.5000 0.0000 0.0664   x coordinate   1.6437
high-symmetry point:  0.4667 0.0000 0.0664   x coordinate   1.6437
high-symmetry point:  0.4333 0.0000 0.0664   x coordinate   1.6437
high-symmetry point:  0.4000 0.0000 0.0664   x coordinate   1.6437
high-symmetry point:  0.3667 0.0000 0.0664   x coordinate   1.6437
high-symmetry point:  0.3333 0.0000 0.0664   x coordinate   1.6437
high-symmetry point:  0.3000 0.0000 0.0664   x coordinate   1.6437
high-symmetry point:  0.2667 0.0000 0.0664   x coordinate   1.6437
high-symmetry point:  0.2333 0.0000 0.0664   x coordinate   1.6437
high-symmetry point:  0.2000 0.0000 0.0664   x coordinate   1.6437
high-symmetry point:  0.1667 0.0000 0.0664   x coordinate   1.6437
high-symmetry point:  0.1333 0.0000 0.0664   x coordinate   1.6437
high-symmetry point:  0.1000 0.0000 0.0664   x coordinate   1.6437
high-symmetry point:  0.0667 0.0000 0.0664   x coordinate   1.6437
high-symmetry point:  0.0333 0.0000 0.0664   x coordinate   1.6437
high-symmetry point:  0.0000 0.0000 0.0664   x coordinate   1.6437
high-symmetry point:  0.5000 0.2887 0.0664   x coordinate   1.6437
high-symmetry point:  0.5000 0.2887 0.0000   x coordinate   1.7101
high-symmetry point:  0.6667 0.0000 0.0000   x coordinate   1.7101
high-symmetry point:  0.6667 0.0000 0.0664   x coordinate   1.7764
output file (gnuplot/xmgr) > bands in gnuplot/xmgr format written to file bands.xmgr                                                                                                                                                                                                                                                      
output file (ps) > Efermi > deltaE, reference E (for tics) bands in PostScript format written to file bands.ps                                                                                                                                                                                                                                                        
